<?xml version="1.0" encoding="UTF-8"?>
<!-- Generated by org.testng.reporters.JUnitReportReporter -->
<testsuite hostname="DESKTOP-BOF2DA1" failures="0" tests="6" name="TestCases.LoginPageTest" time="51.759" errors="0" timestamp="2022-10-12T01:09:10 IST" skipped="0">
  <testcase classname="TestCases.LoginPageTest" name="verifyloginApp2Test" time="6.919"/>
  <system-out/>
  <testcase classname="TestCases.LoginPageTest" name="verifyLogoTest" time="15.727"/>
  <system-out/>
  <testcase classname="TestCases.LoginPageTest" name="verifyloginAppTest" time="7.458"/>
  <system-out/>
  <testcase classname="TestCases.LoginPageTest" name="verifyRobotLogoTest" time="6.378"/>
  <system-out/>
  <testcase classname="TestCases.LoginPageTest" name="verifyUrlTest" time="6.374"/>
  <system-out/>
  <testcase classname="TestCases.LoginPageTest" name="verifyTitleTest" time="8.903"/>
  <system-out/>
</testsuite> <!-- TestCases.LoginPageTest -->
