<?xml version="1.0" encoding="UTF-8"?>
<!-- Generated by org.testng.reporters.JUnitReportReporter -->
<testsuite hostname="DESKTOP-BOF2DA1" failures="0" tests="7" name="TestCases.Page2Test" time="16.379" errors="0" timestamp="2022-10-18T00:44:47 IST" skipped="6">
  <testcase classname="TestCases.Page2Test" name="verifyTwitterlogoTest" time="16.379"/>
  <system-out/>
  <testcase classname="TestCases.Page2Test" name="add6ProductTest">
    <skipped/>
  </testcase> <!-- add6ProductTest -->
  <system-out/>
  <testcase classname="TestCases.Page2Test" name="verifyProductsTextTest">
    <skipped/>
  </testcase> <!-- verifyProductsTextTest -->
  <system-out/>
  <testcase classname="TestCases.Page2Test" name="verifyBigLogoTest">
    <skipped/>
  </testcase> <!-- verifyBigLogoTest -->
  <system-out/>
  <testcase classname="TestCases.Page2Test" name="verifyTitleTest">
    <skipped/>
  </testcase> <!-- verifyTitleTest -->
  <system-out/>
  <testcase classname="TestCases.Page2Test" name="remove2productsTest">
    <skipped/>
  </testcase> <!-- remove2productsTest -->
  <system-out/>
  <testcase classname="TestCases.Page2Test" name="verifySmallLogoTest">
    <skipped/>
  </testcase> <!-- verifySmallLogoTest -->
  <system-out/>
</testsuite> <!-- TestCases.Page2Test -->
